<?xml version="1.0" encoding="UTF-8"?>
<!-- Generated by org.testng.reporters.JUnitReportReporter -->
<testsuite hostname="DESKTOP-U7731J0" failures="0" tests="1" name="Package1.Payment" time="56.824" errors="0" timestamp="2023-04-28T13:53:28 IST" skipped="0">
  <testcase classname="Package1.Payment" name="TestPay" time="56.824"/>
  <system-out/>
</testsuite> <!-- Package1.Payment -->
